<?xml version="1.0" encoding="UTF-8"?>
<!-- Generated by org.testng.reporters.JUnitXMLReporter -->
<testsuite hostname="QA001" name="Default test" tests="5" failures="0" timestamp="22 Jul 2015 16:48:50 GMT" time="56.686" errors="0">
  <testcase name="a_test" time="0.005" classname="TestNG.TestNG"/>
  <testcase name="b_test" time="0.001" classname="TestNG.TestNG"/>
  <testcase name="c_test" time="0.0" classname="TestNG.TestNG"/>
  <testcase name="login" time="2.103" classname="TestNG.TestNG"/>
  <testcase name="Action" time="54.347" classname="TestNG.TestNG"/>
</testsuite> <!-- Default test -->
