<?xml version="1.0" encoding="UTF-8"?>
<!-- Generated by org.testng.reporters.JUnitXMLReporter -->
<testsuite hostname="QA001" name="Default test" tests="5" failures="0" timestamp="1 Aug 2015 00:27:05 GMT" time="19.429" errors="0">
  <testcase name="a_test" time="0.006" classname="TestNG.TestNG"/>
  <testcase name="b_test" time="0.0" classname="TestNG.TestNG"/>
  <testcase name="c_test" time="0.001" classname="TestNG.TestNG"/>
  <testcase name="login" time="2.408" classname="TestNG.TestNG"/>
  <testcase name="NSD" time="16.791" classname="TestNG.TestNG"/>
</testsuite> <!-- Default test -->
