<?xml version="1.0" encoding="UTF-8"?>
<testng-results skipped="0" failed="0" total="5" passed="5">
  <reporter-output>
  </reporter-output>
  <suite name="Default suite" duration-ms="110406" started-at="2015-08-03T20:23:20Z" finished-at="2015-08-03T20:25:10Z">
    <groups>
    </groups>
    <test name="Default test" duration-ms="110406" started-at="2015-08-03T20:23:20Z" finished-at="2015-08-03T20:25:10Z">
      <class name="TestNG.TestNG">
        <test-method status="PASS" signature="beforeTest()[pri:0, instance:TestNG.TestNG@261e8e]" name="beforeTest" is-config="true" duration-ms="239" started-at="2015-08-03T13:23:20Z" finished-at="2015-08-03T13:23:20Z">
          <reporter-output>
          </reporter-output>
        </test-method> <!-- beforeTest -->
        <test-method status="PASS" signature="a_test()[pri:0, instance:TestNG.TestNG@261e8e]" name="a_test" duration-ms="6" started-at="2015-08-03T13:23:20Z" finished-at="2015-08-03T13:23:20Z">
          <reporter-output>
          </reporter-output>
        </test-method> <!-- a_test -->
        <test-method status="PASS" signature="b_test()[pri:0, instance:TestNG.TestNG@261e8e]" name="b_test" duration-ms="0" started-at="2015-08-03T13:23:20Z" finished-at="2015-08-03T13:23:20Z">
          <reporter-output>
          </reporter-output>
        </test-method> <!-- b_test -->
        <test-method status="PASS" signature="c_test()[pri:0, instance:TestNG.TestNG@261e8e]" name="c_test" duration-ms="1" started-at="2015-08-03T13:23:20Z" finished-at="2015-08-03T13:23:20Z">
          <reporter-output>
          </reporter-output>
        </test-method> <!-- c_test -->
        <test-method status="PASS" signature="login()[pri:0, instance:TestNG.TestNG@261e8e]" name="login" duration-ms="2499" started-at="2015-08-03T13:23:20Z" finished-at="2015-08-03T13:23:23Z">
          <reporter-output>
          </reporter-output>
        </test-method> <!-- login -->
        <test-method status="PASS" signature="actionVNFD()[pri:0, instance:TestNG.TestNG@261e8e]" name="actionVNFD" duration-ms="107648" started-at="2015-08-03T13:23:23Z" finished-at="2015-08-03T13:25:10Z">
          <reporter-output>
          </reporter-output>
        </test-method> <!-- actionVNFD -->
      </class> <!-- TestNG.TestNG -->
    </test> <!-- Default test -->
  </suite> <!-- Default suite -->
</testng-results>
